0 info it worked if it ends with ok
1 verbose cli [ '/usr/local/Cellar/node/7.0.0/bin/node',
1 verbose cli   '/usr/local/bin/npm',
1 verbose cli   'run',
1 verbose cli   'test' ]
2 info using npm@3.10.8
3 info using node@v7.0.0
4 verbose run-script [ 'pretest', 'test', 'posttest' ]
5 info lifecycle liveVotes@1.0.0~pretest: liveVotes@1.0.0
6 silly lifecycle liveVotes@1.0.0~pretest: no script for pretest, continuing
7 info lifecycle liveVotes@1.0.0~test: liveVotes@1.0.0
8 verbose lifecycle liveVotes@1.0.0~test: unsafe-perm in lifecycle true
9 verbose lifecycle liveVotes@1.0.0~test: PATH: /usr/local/lib/node_modules/npm/bin/node-gyp-bin:/Users/charlieperson/makersquare/reduxTutorial/liveVotes/node_modules/.bin:/usr/local/Cellar/node/7.0.0/bin:/Users/charlieperson/.sdkman/candidates/gradle/current/bin:/Users/charlieperson/.rvm/gems/ruby-2.2.1/bin:/Users/charlieperson/.rvm/gems/ruby-2.2.1@global/bin:/Users/charlieperson/.rvm/rubies/ruby-2.2.1/bin:/usr/local/bin:/usr/bin:/bin:/usr/sbin:/sbin:/opt/ImageMagick/bin:/Users/charlieperson/.rvm/bin:/Users/charlieperson/.rvm/gems/ruby-2.2.1/bin:/Users/charlieperson/.rvm/gems/ruby-2.2.1@global/bin:/Users/charlieperson/.rvm/rubies/ruby-2.2.1/bin:/usr/local/bin:/usr/bin:/bin:/usr/sbin:/sbin:/Users/charlieperson/.rvm/bin:/Users/charlieperson/.rvm/bin
10 verbose lifecycle liveVotes@1.0.0~test: CWD: /Users/charlieperson/makersquare/reduxTutorial/liveVotes
11 silly lifecycle liveVotes@1.0.0~test: Args: [ '-c',
11 silly lifecycle   'mocha --compilers js:babel-core/register --require ./test/test_helper.js  --recursive' ]
12 silly lifecycle liveVotes@1.0.0~test: Returned: code: 2  signal: null
13 info lifecycle liveVotes@1.0.0~test: Failed to exec test script
14 verbose stack Error: liveVotes@1.0.0 test: `mocha --compilers js:babel-core/register --require ./test/test_helper.js  --recursive`
14 verbose stack Exit status 2
14 verbose stack     at EventEmitter.<anonymous> (/usr/local/lib/node_modules/npm/lib/utils/lifecycle.js:255:16)
14 verbose stack     at emitTwo (events.js:106:13)
14 verbose stack     at EventEmitter.emit (events.js:191:7)
14 verbose stack     at ChildProcess.<anonymous> (/usr/local/lib/node_modules/npm/lib/utils/spawn.js:40:14)
14 verbose stack     at emitTwo (events.js:106:13)
14 verbose stack     at ChildProcess.emit (events.js:191:7)
14 verbose stack     at maybeClose (internal/child_process.js:877:16)
14 verbose stack     at Process.ChildProcess._handle.onexit (internal/child_process.js:226:5)
15 verbose pkgid liveVotes@1.0.0
16 verbose cwd /Users/charlieperson/makersquare/reduxTutorial/liveVotes
17 error Darwin 15.2.0
18 error argv "/usr/local/Cellar/node/7.0.0/bin/node" "/usr/local/bin/npm" "run" "test"
19 error node v7.0.0
20 error npm  v3.10.8
21 error code ELIFECYCLE
22 error liveVotes@1.0.0 test: `mocha --compilers js:babel-core/register --require ./test/test_helper.js  --recursive`
22 error Exit status 2
23 error Failed at the liveVotes@1.0.0 test script 'mocha --compilers js:babel-core/register --require ./test/test_helper.js  --recursive'.
23 error Make sure you have the latest version of node.js and npm installed.
23 error If you do, this is most likely a problem with the liveVotes package,
23 error not with npm itself.
23 error Tell the author that this fails on your system:
23 error     mocha --compilers js:babel-core/register --require ./test/test_helper.js  --recursive
23 error You can get information on how to open an issue for this project with:
23 error     npm bugs liveVotes
23 error Or if that isn't available, you can get their info via:
23 error     npm owner ls liveVotes
23 error There is likely additional logging output above.
24 verbose exit [ 1, true ]
